0 verbose cli C:\Program Files\nodejs\node.exe C:\Users\Bravin\AppData\Roaming\npm\node_modules\npm\bin\npm-cli.js
1 info using npm@11.1.0
2 info using node@v23.7.0
3 silly config load:file:C:\Users\Bravin\AppData\Roaming\npm\node_modules\npm\npmrc
4 silly config load:file:c:\Users\Bravin\virtual_studyApp\backend\.npmrc
5 silly config load:file:C:\Users\Bravin\.npmrc
6 silly config load:file:C:\Users\Bravin\AppData\Roaming\npm\etc\npmrc
7 verbose title npm view jsonwebtoken description dist-tags.latest homepage version time
8 verbose argv "view" "--json" "--" "jsonwebtoken" "description" "dist-tags.latest" "homepage" "version" "time"
9 verbose logfile logs-max:10 dir:C:\Users\Bravin\virtual_studyApp\backend\UsersBravinAppDataLocalnpm-cache\_logs\2025-02-08T19_36_53_379Z-
10 verbose logfile C:\Users\Bravin\virtual_studyApp\backend\UsersBravinAppDataLocalnpm-cache\_logs\2025-02-08T19_36_53_379Z-debug-0.log
11 silly logfile start cleaning logs, removing 3 files
12 silly logfile done cleaning log files
13 http fetch GET 200 https://registry.npmjs.org/jsonwebtoken 1026ms (cache updated)
14 verbose cwd c:\Users\Bravin\virtual_studyApp\backend
15 verbose os Windows_NT 10.0.19045
16 verbose node v23.7.0
17 verbose npm  v11.1.0
18 verbose exit 0
19 info ok
