0 verbose cli C:\Program Files\nodejs\node.exe C:\Users\Bravin\AppData\Roaming\npm\node_modules\npm\bin\npm-cli.js
1 info using npm@11.1.0
2 info using node@v23.7.0
3 silly config load:file:C:\Users\Bravin\AppData\Roaming\npm\node_modules\npm\npmrc
4 silly config load:file:C:\Users\Bravin\virtual_studyApp\backend\.npmrc
5 silly config load:file:C:\Users\Bravin\.npmrc
6 silly config load:file:C:\Users\Bravin\AppData\Roaming\npm\etc\npmrc
7 verbose title npm install
8 verbose argv "install"
9 verbose logfile logs-max:10 dir:C:\Users\Bravin\virtual_studyApp\backend\UsersBravinAppDataLocalnpm-cache\_logs\2025-02-08T19_30_27_824Z-
10 verbose logfile C:\Users\Bravin\virtual_studyApp\backend\UsersBravinAppDataLocalnpm-cache\_logs\2025-02-08T19_30_27_824Z-debug-0.log
11 silly logfile start cleaning logs, removing 1 files
12 silly packumentCache heap:2197815296 maxSize:549453824 maxEntrySize:274726912
13 silly logfile done cleaning log files
14 silly idealTree buildDeps
15 silly reify moves {}
16 silly audit bulk request {
16 silly audit   '@mapbox/node-pre-gyp': [ '1.0.11' ],
16 silly audit   '@mongodb-js/saslprep': [ '1.1.9' ],
16 silly audit   '@types/webidl-conversions': [ '7.0.3' ],
16 silly audit   '@types/whatwg-url': [ '11.0.5' ],
16 silly audit   abbrev: [ '1.1.1' ],
16 silly audit   accepts: [ '1.3.8' ],
16 silly audit   'agent-base': [ '6.0.2' ],
16 silly audit   debug: [ '4.4.0', '2.6.9' ],
16 silly audit   ms: [ '2.1.3', '2.0.0' ],
16 silly audit   'ansi-regex': [ '5.0.1' ],
16 silly audit   anymatch: [ '3.1.3' ],
16 silly audit   aproba: [ '2.0.0' ],
16 silly audit   'are-we-there-yet': [ '2.0.0' ],
16 silly audit   'array-flatten': [ '1.1.1' ],
16 silly audit   'balanced-match': [ '1.0.2' ],
16 silly audit   bcrypt: [ '5.1.1' ],
16 silly audit   bcryptjs: [ '2.4.3' ],
16 silly audit   'binary-extensions': [ '2.3.0' ],
16 silly audit   'body-parser': [ '1.20.3' ],
16 silly audit   'brace-expansion': [ '1.1.11' ],
16 silly audit   braces: [ '3.0.3' ],
16 silly audit   bson: [ '6.10.2' ],
16 silly audit   'buffer-equal-constant-time': [ '1.0.1' ],
16 silly audit   bytes: [ '3.1.2' ],
16 silly audit   'call-bind-apply-helpers': [ '1.0.1' ],
16 silly audit   'call-bound': [ '1.0.3' ],
16 silly audit   chokidar: [ '3.6.0' ],
16 silly audit   chownr: [ '2.0.0' ],
16 silly audit   'color-support': [ '1.1.3' ],
16 silly audit   'concat-map': [ '0.0.1' ],
16 silly audit   'console-control-strings': [ '1.1.0' ],
16 silly audit   'content-disposition': [ '0.5.4' ],
16 silly audit   'content-type': [ '1.0.5' ],
16 silly audit   cookie: [ '0.7.1' ],
16 silly audit   'cookie-signature': [ '1.0.6' ],
16 silly audit   cors: [ '2.8.5' ],
16 silly audit   delegates: [ '1.0.0' ],
16 silly audit   depd: [ '2.0.0' ],
16 silly audit   destroy: [ '1.2.0' ],
16 silly audit   'detect-libc': [ '2.0.3' ],
16 silly audit   dotenv: [ '16.4.7' ],
16 silly audit   'dunder-proto': [ '1.0.1' ],
16 silly audit   'ecdsa-sig-formatter': [ '1.0.11' ],
16 silly audit   'ee-first': [ '1.1.1' ],
16 silly audit   'emoji-regex': [ '8.0.0' ],
16 silly audit   encodeurl: [ '2.0.0', '1.0.2' ],
16 silly audit   'es-define-property': [ '1.0.1' ],
16 silly audit   'es-errors': [ '1.3.0' ],
16 silly audit   'es-object-atoms': [ '1.1.1' ],
16 silly audit   'escape-html': [ '1.0.3' ],
16 silly audit   etag: [ '1.8.1' ],
16 silly audit   express: [ '4.21.2' ],
16 silly audit   'fill-range': [ '7.1.1' ],
16 silly audit   finalhandler: [ '1.3.1' ],
16 silly audit   forwarded: [ '0.2.0' ],
16 silly audit   fresh: [ '0.5.2' ],
16 silly audit   'fs-minipass': [ '2.1.0' ],
16 silly audit   minipass: [ '3.3.6', '5.0.0' ],
16 silly audit   'fs.realpath': [ '1.0.0' ],
16 silly audit   fsevents: [ '2.3.3' ],
16 silly audit   'function-bind': [ '1.1.2' ],
16 silly audit   gauge: [ '3.0.2' ],
16 silly audit   'get-intrinsic': [ '1.2.7' ],
16 silly audit   'get-proto': [ '1.0.1' ],
16 silly audit   glob: [ '7.2.3' ],
16 silly audit   'glob-parent': [ '5.1.2' ],
16 silly audit   gopd: [ '1.2.0' ],
16 silly audit   'has-flag': [ '3.0.0' ],
16 silly audit   'has-symbols': [ '1.1.0' ],
16 silly audit   'has-unicode': [ '2.0.1' ],
16 silly audit   hasown: [ '2.0.2' ],
16 silly audit   'http-errors': [ '2.0.0' ],
16 silly audit   'https-proxy-agent': [ '5.0.1' ],
16 silly audit   'iconv-lite': [ '0.4.24' ],
16 silly audit   'ignore-by-default': [ '1.0.1' ],
16 silly audit   inflight: [ '1.0.6' ],
16 silly audit   inherits: [ '2.0.4' ],
16 silly audit   'ipaddr.js': [ '1.9.1' ],
16 silly audit   'is-binary-path': [ '2.1.0' ],
16 silly audit   'is-extglob': [ '2.1.1' ],
16 silly audit   'is-fullwidth-code-point': [ '3.0.0' ],
16 silly audit   'is-glob': [ '4.0.3' ],
16 silly audit   'is-number': [ '7.0.0' ],
16 silly audit   jsonwebtoken: [ '9.0.2' ],
16 silly audit   jwa: [ '1.4.1' ],
16 silly audit   jws: [ '3.2.2' ],
16 silly audit   kareem: [ '2.6.3' ],
16 silly audit   'lodash.includes': [ '4.3.0' ],
16 silly audit   'lodash.isboolean': [ '3.0.3' ],
16 silly audit   'lodash.isinteger': [ '4.0.4' ],
16 silly audit   'lodash.isnumber': [ '3.0.3' ],
16 silly audit   'lodash.isplainobject': [ '4.0.6' ],
16 silly audit   'lodash.isstring': [ '4.0.1' ],
16 silly audit   'lodash.once': [ '4.1.1' ],
16 silly audit   'make-dir': [ '3.1.0' ],
16 silly audit   semver: [ '6.3.1', '7.7.1' ],
16 silly audit   'math-intrinsics': [ '1.1.0' ],
16 silly audit   'media-typer': [ '0.3.0' ],
16 silly audit   'memory-pager': [ '1.5.0' ],
16 silly audit   'merge-descriptors': [ '1.0.3' ],
16 silly audit   methods: [ '1.1.2' ],
16 silly audit   mime: [ '1.6.0' ],
16 silly audit   'mime-db': [ '1.52.0' ],
16 silly audit   'mime-types': [ '2.1.35' ],
16 silly audit   minimatch: [ '3.1.2' ],
16 silly audit   minizlib: [ '2.1.2' ],
16 silly audit   mkdirp: [ '1.0.4' ],
16 silly audit   mongodb: [ '6.12.0' ],
16 silly audit   'mongodb-connection-string-url': [ '3.0.2' ],
16 silly audit   mongoose: [ '8.9.7' ],
16 silly audit   mpath: [ '0.9.0' ],
16 silly audit   mquery: [ '5.0.0' ],
16 silly audit   negotiator: [ '0.6.3' ],
16 silly audit   'node-addon-api': [ '5.1.0' ],
16 silly audit   'node-fetch': [ '2.7.0' ],
16 silly audit   tr46: [ '0.0.3', '5.0.0' ],
16 silly audit   'webidl-conversions': [ '3.0.1', '7.0.0' ],
16 silly audit   'whatwg-url': [ '5.0.0', '14.1.0' ],
16 silly audit   nodemon: [ '3.1.9' ],
16 silly audit   nopt: [ '5.0.0' ],
16 silly audit   'normalize-path': [ '3.0.0' ],
16 silly audit   npmlog: [ '5.0.1' ],
16 silly audit   'object-assign': [ '4.1.1' ],
16 silly audit   'object-inspect': [ '1.13.4' ],
16 silly audit   'on-finished': [ '2.4.1' ],
16 silly audit   once: [ '1.4.0' ],
16 silly audit   parseurl: [ '1.3.3' ],
16 silly audit   'path-is-absolute': [ '1.0.1' ],
16 silly audit   'path-to-regexp': [ '0.1.12' ],
16 silly audit   picomatch: [ '2.3.1' ],
16 silly audit   'proxy-addr': [ '2.0.7' ],
16 silly audit   'pstree.remy': [ '1.1.8' ],
16 silly audit   punycode: [ '2.3.1' ],
16 silly audit   qs: [ '6.13.0' ],
16 silly audit   'range-parser': [ '1.2.1' ],
16 silly audit   'raw-body': [ '2.5.2' ],
16 silly audit   'readable-stream': [ '3.6.2' ],
16 silly audit   readdirp: [ '3.6.0' ],
16 silly audit   rimraf: [ '3.0.2' ],
16 silly audit   'safe-buffer': [ '5.2.1' ],
16 silly audit   'safer-buffer': [ '2.1.2' ],
16 silly audit   send: [ '0.19.0' ],
16 silly audit   'serve-static': [ '1.16.2' ],
16 silly audit   'set-blocking': [ '2.0.0' ],
16 silly audit   setprototypeof: [ '1.2.0' ],
16 silly audit   'side-channel': [ '1.1.0' ],
16 silly audit   'side-channel-list': [ '1.0.0' ],
16 silly audit   'side-channel-map': [ '1.0.1' ],
16 silly audit   'side-channel-weakmap': [ '1.0.2' ],
16 silly audit   sift: [ '17.1.3' ],
16 silly audit   'signal-exit': [ '3.0.7' ],
16 silly audit   'simple-update-notifier': [ '2.0.0' ],
16 silly audit   'sparse-bitfield': [ '3.0.3' ],
16 silly audit   statuses: [ '2.0.1' ],
16 silly audit   string_decoder: [ '1.3.0' ],
16 silly audit   'string-width': [ '4.2.3' ],
16 silly audit   'strip-ansi': [ '6.0.1' ],
16 silly audit   'supports-color': [ '5.5.0' ],
16 silly audit   tar: [ '6.2.1' ],
16 silly audit   'to-regex-range': [ '5.0.1' ],
16 silly audit   toidentifier: [ '1.0.1' ],
16 silly audit   touch: [ '3.1.1' ],
16 silly audit   'type-is': [ '1.6.18' ],
16 silly audit   undefsafe: [ '2.0.5' ],
16 silly audit   unpipe: [ '1.0.0' ],
16 silly audit   'util-deprecate': [ '1.0.2' ],
16 silly audit   'utils-merge': [ '1.0.1' ],
16 silly audit   vary: [ '1.1.2' ],
16 silly audit   'wide-align': [ '1.1.5' ],
16 silly audit   wrappy: [ '1.0.2' ],
16 silly audit   yallist: [ '4.0.0' ]
16 silly audit }
17 verbose reify failed optional dependency C:\Users\Bravin\virtual_studyApp\backend\node_modules\fsevents
18 silly reify mark deleted [
18 silly reify   'C:\\Users\\Bravin\\virtual_studyApp\\backend\\node_modules\\fsevents'
18 silly reify ]
19 http fetch POST 200 https://registry.npmjs.org/-/npm/v1/security/advisories/bulk 1352ms
20 silly audit report {}
21 silly ADD
22 verbose cwd C:\Users\Bravin\virtual_studyApp\backend
23 verbose os Windows_NT 10.0.19045
24 verbose node v23.7.0
25 verbose npm  v11.1.0
26 verbose exit 0
27 info ok
