0 verbose cli C:\Program Files\nodejs\node.exe C:\Users\Bravin\AppData\Roaming\npm\node_modules\npm\bin\npm-cli.js
1 info using npm@11.1.0
2 info using node@v23.7.0
3 silly config load:file:C:\Users\Bravin\AppData\Roaming\npm\node_modules\npm\npmrc
4 silly config load:file:C:\Users\Bravin\.npmrc
5 silly config load:file:C:\Users\Bravin\AppData\Roaming\npm\etc\npmrc
6 verbose title npm install dotenv
7 verbose argv "install" "dotenv"
8 verbose logfile logs-max:10 dir:C:\Users\Bravin\virtual_studyApp\UsersBravinAppDataLocalnpm-cache\_logs\2025-02-08T19_47_21_678Z-
9 verbose logfile C:\Users\Bravin\virtual_studyApp\UsersBravinAppDataLocalnpm-cache\_logs\2025-02-08T19_47_21_678Z-debug-0.log
10 silly logfile done cleaning log files
11 silly packumentCache heap:2197815296 maxSize:549453824 maxEntrySize:274726912
12 silly idealTree buildDeps
13 silly fetch manifest dotenv@*
14 silly packumentCache full:https://registry.npmjs.org/dotenv cache-miss
15 http fetch GET 200 https://registry.npmjs.org/dotenv 946ms (cache miss)
16 silly packumentCache full:https://registry.npmjs.org/dotenv set size:undefined disposed:false
17 silly placeDep ROOT dotenv@16.4.7 OK for:  want: *
18 silly reify moves {}
19 silly audit bulk request {
19 silly audit   '@types/cookie': [ '0.6.0' ],
19 silly audit   'array-union': [ '1.0.2' ],
19 silly audit   'array-uniq': [ '1.0.3' ],
19 silly audit   async: [ '3.2.5' ],
19 silly audit   asynckit: [ '0.4.0' ],
19 silly audit   axios: [ '1.7.9' ],
19 silly audit   'balanced-match': [ '1.0.2' ],
19 silly audit   'brace-expansion': [ '1.1.11' ],
19 silly audit   'combined-stream': [ '1.0.8' ],
19 silly audit   commander: [ '11.1.0' ],
19 silly audit   commondir: [ '1.0.1' ],
19 silly audit   'concat-map': [ '0.0.1' ],
19 silly audit   cookie: [ '1.0.2' ],
19 silly audit   'delayed-stream': [ '1.0.0' ],
19 silly audit   'email-addresses': [ '5.0.0' ],
19 silly audit   'escape-string-regexp': [ '1.0.5' ],
19 silly audit   'filename-reserved-regex': [ '2.0.0' ],
19 silly audit   filenamify: [ '4.3.0' ],
19 silly audit   'find-cache-dir': [ '3.3.2' ],
19 silly audit   'find-up': [ '4.1.0' ],
19 silly audit   'follow-redirects': [ '1.15.9' ],
19 silly audit   'form-data': [ '4.0.1' ],
19 silly audit   'fs-extra': [ '11.2.0' ],
19 silly audit   'fs.realpath': [ '1.0.0' ],
19 silly audit   'gh-pages': [ '6.1.1' ],
19 silly audit   glob: [ '7.2.3' ],
19 silly audit   globby: [ '6.1.0' ],
19 silly audit   'graceful-fs': [ '4.2.11' ],
19 silly audit   inflight: [ '1.0.6' ],
19 silly audit   inherits: [ '2.0.4' ],
19 silly audit   jsonfile: [ '6.1.0' ],
19 silly audit   'locate-path': [ '5.0.0' ],
19 silly audit   'make-dir': [ '3.1.0' ],
19 silly audit   'mime-db': [ '1.52.0' ],
19 silly audit   'mime-types': [ '2.1.35' ],
19 silly audit   minimatch: [ '3.1.2' ],
19 silly audit   'object-assign': [ '4.1.1' ],
19 silly audit   once: [ '1.4.0' ],
19 silly audit   'p-limit': [ '2.3.0' ],
19 silly audit   'p-locate': [ '4.1.0' ],
19 silly audit   'p-try': [ '2.2.0' ],
19 silly audit   'path-exists': [ '4.0.0' ],
19 silly audit   'path-is-absolute': [ '1.0.1' ],
19 silly audit   pify: [ '2.3.0' ],
19 silly audit   pinkie: [ '2.0.4' ],
19 silly audit   'pinkie-promise': [ '2.0.1' ],
19 silly audit   'pkg-dir': [ '4.2.0' ],
19 silly audit   'proxy-from-env': [ '1.1.0' ],
19 silly audit   react: [ '19.0.0' ],
19 silly audit   'react-dom': [ '19.0.0' ],
19 silly audit   'react-router': [ '7.1.5' ],
19 silly audit   'react-router-dom': [ '7.1.5' ],
19 silly audit   scheduler: [ '0.25.0' ],
19 silly audit   semver: [ '6.3.1' ],
19 silly audit   'set-cookie-parser': [ '2.7.1' ],
19 silly audit   'strip-outer': [ '1.0.1' ],
19 silly audit   tailwindcss: [ '4.0.4' ],
19 silly audit   'trim-repeated': [ '1.0.0' ],
19 silly audit   'turbo-stream': [ '2.4.0' ],
19 silly audit   universalify: [ '2.0.1' ],
19 silly audit   wrappy: [ '1.0.2' ],
19 silly audit   dotenv: [ '16.4.7' ]
19 silly audit }
20 http cache dotenv@https://registry.npmjs.org/dotenv/-/dotenv-16.4.7.tgz 0ms (cache hit)
21 silly tarball no local data for dotenv@https://registry.npmjs.org/dotenv/-/dotenv-16.4.7.tgz. Extracting by manifest.
22 http fetch POST 200 https://registry.npmjs.org/-/npm/v1/security/advisories/bulk 721ms
23 silly audit report {}
24 http fetch GET 200 https://registry.npmjs.org/dotenv/-/dotenv-16.4.7.tgz 969ms (cache miss)
