0 verbose cli C:\Program Files\nodejs\node.exe C:\Program Files\nodejs\node_modules\npm\bin\npm-cli.js
1 info using npm@8.19.4
2 info using node@v16.20.2
3 timing npm:load:whichnode Completed in 1ms
4 timing config:load:defaults Completed in 2ms
5 timing config:load:file:C:\Users\Bravin\AppData\Roaming\nvm\v16.20.2\node_modules\npm\npmrc Completed in 2ms
6 timing config:load:builtin Completed in 3ms
7 timing config:load:cli Completed in 2ms
8 timing config:load:env Completed in 1ms
9 timing config:load:project Completed in 3ms
10 timing config:load:file:C:\Users\Bravin\.npmrc Completed in 2ms
11 timing config:load:user Completed in 2ms
12 timing config:load:file:C:\Users\Bravin\AppData\Roaming\npm\etc\npmrc Completed in 0ms
13 timing config:load:global Completed in 0ms
14 timing config:load:validate Completed in 1ms
15 timing config:load:credentials Completed in 1ms
16 timing config:load:setEnvs Completed in 1ms
17 timing config:load Completed in 17ms
18 timing npm:load:configload Completed in 17ms
19 timing npm:load:mkdirpcache Completed in 2ms
20 timing npm:load:mkdirplogs Completed in 1ms
21 verbose title npm start
22 verbose argv "start"
23 timing npm:load:setTitle Completed in 2ms
24 timing config:load:flatten Completed in 4ms
25 timing npm:load:display Completed in 5ms
26 verbose logfile logs-max:10 dir:C:\Users\Bravin\virtual_studyApp\UsersBravinAppDataLocalnpm-cache\_logs
27 verbose logfile C:\Users\Bravin\virtual_studyApp\UsersBravinAppDataLocalnpm-cache\_logs\2025-02-05T16_24_25_520Z-debug-0.log
28 timing npm:load:logFile Completed in 10ms
29 timing npm:load:timers Completed in 0ms
30 timing npm:load:configScope Completed in 0ms
31 timing npm:load Completed in 40ms
32 silly logfile done cleaning log files
33 timing command:run-script Completed in 59ms
34 timing command:start Completed in 84ms
35 verbose stack Error: Missing script: "start"
35 verbose stack
35 verbose stack Did you mean one of these?
35 verbose stack     npm star # Mark your favorite packages
35 verbose stack     npm stars # View packages marked as favorites
35 verbose stack
35 verbose stack To see a list of scripts, run:
35 verbose stack   npm run
35 verbose stack     at RunScript.run (C:\Users\Bravin\AppData\Roaming\nvm\v16.20.2\node_modules\npm\lib\commands\run-script.js:98:13)
35 verbose stack     at async module.exports (C:\Users\Bravin\AppData\Roaming\nvm\v16.20.2\node_modules\npm\lib\cli.js:78:5)
36 verbose cwd C:\Users\Bravin\virtual_studyApp
37 verbose Windows_NT 10.0.19045
38 verbose node v16.20.2
39 verbose npm  v8.19.4
40 error Missing script: "start"
40 error
40 error Did you mean one of these?
40 error     npm star # Mark your favorite packages
40 error     npm stars # View packages marked as favorites
40 error
40 error To see a list of scripts, run:
40 error   npm run
41 verbose exit 1
42 timing npm Completed in 160ms
43 verbose code 1
44 error A complete log of this run can be found in:
44 error     C:\Users\Bravin\virtual_studyApp\UsersBravinAppDataLocalnpm-cache\_logs\2025-02-05T16_24_25_520Z-debug-0.log
